<?xml version="1.0" encoding="UTF-8"?>
<!-- Generated by org.testng.reporters.JUnitReportReporter -->
<testsuite skipped="0" hostname="RAGHAVENDRA" name="cucumberRunner.TestRunnerTestNG" tests="12" failures="0" timestamp="10 Apr 2020 05:34:01 GMT" time="0.705" errors="0">
  <testcase name="feature" time="0.010" classname="cucumberRunner.TestRunnerTestNG"/>
  <testcase name="feature" time="0.008" classname="cucumberRunner.TestRunnerTestNG"/>
  <testcase name="feature" time="0.024" classname="cucumberRunner.TestRunnerTestNG"/>
  <testcase name="feature" time="0.004" classname="cucumberRunner.TestRunnerTestNG"/>
  <testcase name="feature" time="0.007" classname="cucumberRunner.TestRunnerTestNG"/>
  <testcase name="feature" time="0.259" classname="cucumberRunner.TestRunnerTestNG"/>
  <testcase name="feature" time="0.254" classname="cucumberRunner.TestRunnerTestNG"/>
  <testcase name="testA" time="0.002" classname="cucumberRunner.TestRunnerTestNG"/>
  <testcase name="feature" time="0.018" classname="cucumberRunner.TestRunnerTestNG"/>
  <testcase name="feature" time="0.018" classname="cucumberRunner.TestRunnerTestNG"/>
  <testcase name="testA" time="0.000" classname="cucumberRunner.TestRunnerTestNG"/>
  <testcase name="feature" time="0.101" classname="cucumberRunner.TestRunnerTestNG"/>
</testsuite> <!-- cucumberRunner.TestRunnerTestNG -->
